0 info it worked if it ends with ok
1 verbose cli [ 'node', '/usr/local/bin/npm', 'install', 'xml2json' ]
2 info using npm@1.3.21
3 info using node@v0.10.24
4 verbose readDependencies using package.json deps
5 verbose cache add [ 'xml2json', null ]
6 verbose cache add name=undefined spec="xml2json" args=["xml2json",null]
7 verbose parsed url { protocol: null,
7 verbose parsed url   slashes: null,
7 verbose parsed url   auth: null,
7 verbose parsed url   host: null,
7 verbose parsed url   port: null,
7 verbose parsed url   hostname: null,
7 verbose parsed url   hash: null,
7 verbose parsed url   search: null,
7 verbose parsed url   query: null,
7 verbose parsed url   pathname: 'xml2json',
7 verbose parsed url   path: 'xml2json',
7 verbose parsed url   href: 'xml2json' }
8 silly lockFile 4a765045-xml2json xml2json
9 verbose lock xml2json /Users/Conor/.npm/4a765045-xml2json.lock
10 silly lockFile 4a765045-xml2json xml2json
11 silly lockFile 4a765045-xml2json xml2json
12 verbose addNamed [ 'xml2json', '' ]
13 verbose addNamed [ null, '*' ]
14 silly lockFile 58d55085-xml2json xml2json@
15 verbose lock xml2json@ /Users/Conor/.npm/58d55085-xml2json.lock
16 silly addNameRange { name: 'xml2json', range: '*', hasData: false }
17 verbose url raw xml2json
18 verbose url resolving [ 'https://registry.npmjs.org/', './xml2json' ]
19 verbose url resolved https://registry.npmjs.org/xml2json
20 info trying registry request attempt 1 at 21:23:24
21 verbose etag "7Z3UYKLNJJ1327DHE9RBRRA7E"
22 http GET https://registry.npmjs.org/xml2json
23 http 304 https://registry.npmjs.org/xml2json
24 silly registry.get cb [ 304,
24 silly registry.get   { date: 'Sat, 08 Mar 2014 21:23:24 GMT',
24 silly registry.get     server: 'Apache',
24 silly registry.get     via: '1.1 varnish',
24 silly registry.get     'last-modified': 'Sat, 08 Mar 2014 21:23:24 GMT',
24 silly registry.get     'cache-control': 'max-age=1',
24 silly registry.get     etag: '"7Z3UYKLNJJ1327DHE9RBRRA7E"',
24 silly registry.get     'x-served-by': 'cache-lo83-LHR',
24 silly registry.get     'x-cache': 'MISS',
24 silly registry.get     'x-cache-hits': '0',
24 silly registry.get     'x-timer': 'S1394313804.520302534,VS0,VE115',
24 silly registry.get     vary: 'Accept',
24 silly registry.get     'content-length': '0',
24 silly registry.get     'keep-alive': 'timeout=10, max=50',
24 silly registry.get     connection: 'Keep-Alive' } ]
25 verbose etag xml2json from cache
26 silly addNameRange number 2 { name: 'xml2json', range: '*', hasData: true }
27 silly addNameRange versions [ 'xml2json',
27 silly addNameRange   [ '0.1.0',
27 silly addNameRange     '0.1.1',
27 silly addNameRange     '0.2.0',
27 silly addNameRange     '0.2.1',
27 silly addNameRange     '0.2.2',
27 silly addNameRange     '0.2.3',
27 silly addNameRange     '0.2.4',
27 silly addNameRange     '0.3.0',
27 silly addNameRange     '0.3.1',
27 silly addNameRange     '0.3.2',
27 silly addNameRange     '0.4.0' ] ]
28 verbose addNamed [ 'xml2json', '0.4.0' ]
29 verbose addNamed [ '0.4.0', '0.4.0' ]
30 silly lockFile 7e41c6a4-xml2json-0-4-0 xml2json@0.4.0
31 verbose lock xml2json@0.4.0 /Users/Conor/.npm/7e41c6a4-xml2json-0-4-0.lock
32 silly lockFile 7e41c6a4-xml2json-0-4-0 xml2json@0.4.0
33 silly lockFile 7e41c6a4-xml2json-0-4-0 xml2json@0.4.0
34 silly lockFile 58d55085-xml2json xml2json@
35 silly lockFile 58d55085-xml2json xml2json@
36 silly resolved [ { name: 'xml2json',
36 silly resolved     version: '0.4.0',
36 silly resolved     author: { name: 'Andrew Turley' },
36 silly resolved     email: 'aturley@buglabs.net',
36 silly resolved     description: 'Converts xml to json and viceverza, using node-expat.',
36 silly resolved     repository:
36 silly resolved      { type: 'git',
36 silly resolved        url: 'git://github.com/buglabs/node-xml2json.git' },
36 silly resolved     main: 'index',
36 silly resolved     contributors: [ [Object] ],
36 silly resolved     dependencies: { 'node-expat': '2.1.4' },
36 silly resolved     bin: { xml2json: 'bin/xml2json' },
36 silly resolved     readme: '# Simple SAX-based XML2JSON Parser.\n\nIt does not parse the following elements:\n\n* CDATA sections (*)\n* Processing instructions\n* XML declarations\n* Entity declarations\n* Comments\n\n## Installation\n```\n$ npm install xml2json\n```\n\n## Usage\n```javascript\nvar parser = require(\'xml2json\');\n\nvar xml = "<foo>bar</foo>";\nvar json = parser.toJson(xml); //returns a string containing the JSON structure by default\nconsole.log(json);\n```\n## API\n\n```javascript\nparser.toJson(xml, options);\n```\n```javascript\nparser.toXml(json, options);\n```\n\n### Options object\n\nDefault values:\n```javascript\nvar options = {\n    object: false,\n    reversible: false,\n    coerce: true,\n    sanitize: true,\n    trim: true,\n    arrayNotation: false\n};\n```\n\n* **object:** Returns a Javascript object instead of a JSON string\n* **reversible:** Makes the JSON reversible to XML (*)\n* **coerce:** Makes type coercion. i.e.: numbers and booleans present in attributes and element values are converted from string to its correspondent data types.\n* **trim:** Removes leading and trailing whitespaces as well as line terminators in element values.\n* **arrayNotation:** XML child nodes are always treated as arrays\n* **sanitize:** Sanitizes the following characters present in element values:\n\n```javascript\nvar chars =  {\n    \'<\': \'&lt;\',\n    \'>\': \'&gt;\',\n    \'(\': \'&#40;\',\n    \')\': \'&#41;\',\n    \'#\': \'&#35;\',\n    \'&\': \'&amp;\',\n    \'"\': \'&quot;\',\n    "\'": \'&apos;\'\n};\n```\n\n\n\n\n(*) xml2json tranforms CDATA content to JSON, but it doesn\'t generate a reversible structure.\n\n## License\n(The MIT License)\n\nCopyright 2012 BugLabs. All rights reserved.\n\nPermission is hereby granted, free of charge, to any person obtaining a copy\nof this software and associated documentation files (the "Software"), to\ndeal in the Software without restriction, including without limitation the\nrights to use, copy, modify, merge, publish, distribute, sublicense, and/or\nsell copies of the Software, and to permit persons to whom the Software is\nfurnished to do so, subject to the following conditions:\n\nThe above copyright notice and this permission notice shall be included in\nall copies or substantial portions of the Software.\n\nTHE SOFTWARE IS PROVIDED "AS IS", WITHOUT WARRANTY OF ANY KIND, EXPRESS OR\nIMPLIED, INCLUDING BUT NOT LIMITED TO THE WARRANTIES OF MERCHANTABILITY,\nFITNESS FOR A PARTICULAR PURPOSE AND NONINFRINGEMENT. IN NO EVENT SHALL THE\nAUTHORS OR COPYRIGHT HOLDERS BE LIABLE FOR ANY CLAIM, DAMAGES OR OTHER\nLIABILITY, WHETHER IN AN ACTION OF CONTRACT, TORT OR OTHERWISE, ARISING\nFROM, OUT OF OR IN CONNECTION WITH THE SOFTWARE OR THE USE OR OTHER DEALINGS\nIN THE SOFTWARE.\n',
36 silly resolved     readmeFilename: 'README.md',
36 silly resolved     bugs: { url: 'https://github.com/buglabs/node-xml2json/issues' },
36 silly resolved     homepage: 'https://github.com/buglabs/node-xml2json',
36 silly resolved     _id: 'xml2json@0.4.0',
36 silly resolved     _from: 'xml2json@' } ]
37 info install xml2json@0.4.0 into /Users/Conor/WebStormProjects/insight
38 info installOne xml2json@0.4.0
39 info /Users/Conor/WebStormProjects/insight/node_modules/xml2json unbuild
40 verbose tar unpack /Users/Conor/.npm/xml2json/0.4.0/package.tgz
41 silly lockFile d35949a7-ts-insight-node-modules-xml2json tar:///Users/Conor/WebStormProjects/insight/node_modules/xml2json
42 verbose lock tar:///Users/Conor/WebStormProjects/insight/node_modules/xml2json /Users/Conor/.npm/d35949a7-ts-insight-node-modules-xml2json.lock
43 silly lockFile 2729b3f9-r-npm-xml2json-0-4-0-package-tgz tar:///Users/Conor/.npm/xml2json/0.4.0/package.tgz
44 verbose lock tar:///Users/Conor/.npm/xml2json/0.4.0/package.tgz /Users/Conor/.npm/2729b3f9-r-npm-xml2json-0-4-0-package-tgz.lock
45 silly gunzTarPerm modes [ '755', '644' ]
46 silly gunzTarPerm extractEntry package.json
47 silly gunzTarPerm extractEntry .npmignore
48 silly gunzTarPerm extractEntry README.md
49 silly gunzTarPerm extractEntry index.js
50 silly gunzTarPerm extractEntry bin/xml2json
51 silly gunzTarPerm extractEntry lib/index.js
52 silly gunzTarPerm extractEntry lib/json2xml.js
53 silly gunzTarPerm extractEntry lib/xml2json.js
54 silly gunzTarPerm extractEntry test/.npmignore
55 silly gunzTarPerm extractEntry test/coerce-overhead.js
56 silly gunzTarPerm extractEntry test/test-array-notation.js
57 silly gunzTarPerm extractEntry test/test-coerce.js
58 silly gunzTarPerm extractEntry test/test-reorder.js
59 silly gunzTarPerm extractEntry test/test-space.js
60 silly gunzTarPerm extractEntry test/test.js
61 silly gunzTarPerm extractEntry test/fixtures/domain.xml
62 silly gunzTarPerm extractEntry test/fixtures/array-notation.json
63 silly gunzTarPerm extractEntry test/fixtures/coerce.json
64 silly gunzTarPerm extractEntry test/fixtures/coerce.xml
65 silly gunzTarPerm extractEntry test/fixtures/domain-reversible.json
66 silly gunzTarPerm extractEntry test/fixtures/domain.json
67 silly gunzTarPerm extractEntry test/fixtures/array-notation.xml
68 silly gunzTarPerm extractEntry test/fixtures/large.json
69 silly gunzTarPerm extractEntry test/fixtures/large.xml
70 silly gunzTarPerm extractEntry test/fixtures/reorder.json
71 silly gunzTarPerm extractEntry test/fixtures/reorder.xml
72 silly gunzTarPerm extractEntry test/fixtures/spacetext.json
73 silly gunzTarPerm extractEntry test/fixtures/spacetext.xml
74 silly lockFile d35949a7-ts-insight-node-modules-xml2json tar:///Users/Conor/WebStormProjects/insight/node_modules/xml2json
75 silly lockFile d35949a7-ts-insight-node-modules-xml2json tar:///Users/Conor/WebStormProjects/insight/node_modules/xml2json
76 silly lockFile 2729b3f9-r-npm-xml2json-0-4-0-package-tgz tar:///Users/Conor/.npm/xml2json/0.4.0/package.tgz
77 silly lockFile 2729b3f9-r-npm-xml2json-0-4-0-package-tgz tar:///Users/Conor/.npm/xml2json/0.4.0/package.tgz
78 info preinstall xml2json@0.4.0
79 verbose readDependencies using package.json deps
80 verbose readDependencies using package.json deps
81 verbose cache add [ 'node-expat@2.1.4', null ]
82 verbose cache add name=undefined spec="node-expat@2.1.4" args=["node-expat@2.1.4",null]
83 verbose parsed url { protocol: null,
83 verbose parsed url   slashes: null,
83 verbose parsed url   auth: null,
83 verbose parsed url   host: null,
83 verbose parsed url   port: null,
83 verbose parsed url   hostname: null,
83 verbose parsed url   hash: null,
83 verbose parsed url   search: null,
83 verbose parsed url   query: null,
83 verbose parsed url   pathname: 'node-expat@2.1.4',
83 verbose parsed url   path: 'node-expat@2.1.4',
83 verbose parsed url   href: 'node-expat@2.1.4' }
84 verbose cache add name="node-expat" spec="2.1.4" args=["node-expat","2.1.4"]
85 verbose parsed url { protocol: null,
85 verbose parsed url   slashes: null,
85 verbose parsed url   auth: null,
85 verbose parsed url   host: null,
85 verbose parsed url   port: null,
85 verbose parsed url   hostname: null,
85 verbose parsed url   hash: null,
85 verbose parsed url   search: null,
85 verbose parsed url   query: null,
85 verbose parsed url   pathname: '2.1.4',
85 verbose parsed url   path: '2.1.4',
85 verbose parsed url   href: '2.1.4' }
86 verbose addNamed [ 'node-expat', '2.1.4' ]
87 verbose addNamed [ '2.1.4', '2.1.4' ]
88 silly lockFile d7358e55-node-expat-2-1-4 node-expat@2.1.4
89 verbose lock node-expat@2.1.4 /Users/Conor/.npm/d7358e55-node-expat-2-1-4.lock
90 verbose url raw node-expat/2.1.4
91 verbose url resolving [ 'https://registry.npmjs.org/', './node-expat/2.1.4' ]
92 verbose url resolved https://registry.npmjs.org/node-expat/2.1.4
93 info trying registry request attempt 1 at 21:23:24
94 verbose etag "52O64TA5R5FFMFSOPZ1W2KREX"
95 http GET https://registry.npmjs.org/node-expat/2.1.4
96 http 304 https://registry.npmjs.org/node-expat/2.1.4
97 silly registry.get cb [ 304,
97 silly registry.get   { date: 'Sat, 08 Mar 2014 21:23:24 GMT',
97 silly registry.get     server: 'Apache',
97 silly registry.get     via: '1.1 varnish',
97 silly registry.get     'last-modified': 'Sat, 08 Mar 2014 21:23:24 GMT',
97 silly registry.get     'cache-control': 'max-age=1',
97 silly registry.get     etag: '"52O64TA5R5FFMFSOPZ1W2KREX"',
97 silly registry.get     'x-served-by': 'cache-lo80-LHR',
97 silly registry.get     'x-cache': 'MISS',
97 silly registry.get     'x-cache-hits': '0',
97 silly registry.get     'x-timer': 'S1394313804.769994020,VS0,VE172',
97 silly registry.get     vary: 'Accept',
97 silly registry.get     'content-length': '0',
97 silly registry.get     'keep-alive': 'timeout=10, max=50',
97 silly registry.get     connection: 'Keep-Alive' } ]
98 verbose etag node-expat/2.1.4 from cache
99 silly lockFile d7358e55-node-expat-2-1-4 node-expat@2.1.4
100 silly lockFile d7358e55-node-expat-2-1-4 node-expat@2.1.4
101 silly resolved [ { name: 'node-expat',
101 silly resolved     version: '2.1.4',
101 silly resolved     main: './lib/node-expat',
101 silly resolved     description: 'NodeJS binding for fast XML parsing.',
101 silly resolved     keywords: [ 'xml', 'sax', 'expat', 'libexpat', 'parse', 'parsing' ],
101 silly resolved     scripts: { test: 'vows --spec ./test.js', install: 'node-gyp rebuild' },
101 silly resolved     dependencies: { nan: '~0.6.0' },
101 silly resolved     devDependencies: { vows: '>=0.5.12' },
101 silly resolved     repository:
101 silly resolved      { type: 'git',
101 silly resolved        path: 'git://github.com/node-xmpp/node-expat.git' },
101 silly resolved     homepage: 'http://github.com/node-xmpp/node-expat',
101 silly resolved     bugs: { url: 'http://github.com/node-xmpp/node-expat/issues' },
101 silly resolved     author:
101 silly resolved      { name: 'Astro',
101 silly resolved        email: 'astro@spaceboyz.net',
101 silly resolved        url: 'http://spaceboyz.net/~astro/' },
101 silly resolved     maintainers: [ [Object] ],
101 silly resolved     contributors:
101 silly resolved      [ [Object],
101 silly resolved        [Object],
101 silly resolved        [Object],
101 silly resolved        [Object],
101 silly resolved        [Object],
101 silly resolved        [Object],
101 silly resolved        [Object],
101 silly resolved        [Object],
101 silly resolved        [Object],
101 silly resolved        [Object],
101 silly resolved        [Object],
101 silly resolved        [Object] ],
101 silly resolved     licenses: [ [Object] ],
101 silly resolved     engines: { node: '>=0.8' },
101 silly resolved     gypfile: true,
101 silly resolved     readme: '# node-expat \n\n## Motivation \n\nYou use [node.js](http://github.com/ry/node) for speed? You process\nXML streams? Then you want the fastest XML parser: [libexpat](http://expat.sourceforge.net/)!\n\n## Speed \n\nA stupid speed test is supplied in `bench.js`. We measure how many\n25-byte elements a SAX parser can process:\n\n- [node-xml](http://github.com/robrighter/node-xml) (pure JavaScript): 23,000 el/s\n- [libxmljs](http://github.com/polotek/libxmljs) (libxml2 binding): 77,000 el/s\n- [node-expat](http://github.com/astro/node-expat) (libexpat binding, this): 113,000 el/s\n\nThese numbers were recorded on a Core 2 2400 MHz.\n\n## Instructions \n\nInstall node-expat:\n\n    npm i node-expat\n  \n### Installing on windows?\n\nSee https://github.com/node-xmpp/node-expat/issues/78 if you are getting errors about not finding `nan.h`.\n\n## Testing\n\n```\nnpm test\n```\n\n[![Build Status](https://travis-ci.org/node-xmpp/node-expat.png?branch=v2.1.2)](https://travis-ci.org/node-xmpp/node-expat)\n\n\n## Usage ##\n\nImportant events emitted by a parser:\n\n```javascript\n(function () {\n  "use strict";\n\n  var expat = require(\'node-expat\')\n    , parser\n    ;\n\n  parser = new expat.Parser("UTF-8");\n  parser.on(\'startElement\', function (name, attrs) {\n    console.log(name, attrs);\n  });\n  parser.on(\'endElement\', function (name) {\n    console.log(name);\n  });\n  parser.on(\'text\', function (text) {\n    console.log(text);\n  });\n  parser.on(\'error\', function (err) {\n    console.error(err); \n  });\n  parser.write("<html><head><title>Hello World</title></head><body><p>Foobar</p></body></html>");\n}());\n\n```\n\nUse `test.js` for reference.\n\n## API ##\n\n- `#on(\'startElement\' function (name, attrs) {})`\n- `#on(\'endElement\' function (name) {})`\n- `#on(\'text\' function (text) {})`\n- `#on(\'processingInstruction\', function (target, data) {})`\n- `#on(\'comment\', function (s) {})`\n- `#on(\'xmlDecl\', function (version, encoding, standalone) {})`\n- `#on(\'startCdata\', function () {})`\n- `#on(\'startCdata\', function () {})`\n- `#on(\'endCdata\', function () {})`\n- `#on(\'entityDecl\', function (entityName, isParameterEntity, value, base, systemId, publicId, notationName) {})`\n- `#on(\'error\', function (e) {})`\n- `#stop()` pauses\n- `#resume()` resumes\n\n## Error handling ##\n\nWe don\'t emit an error event because libexpat doesn\'t use a callback\neither. Instead, check that `parse()` returns `true`. A descriptive\nstring can be obtained via `getError()` to provide user feedback.\n\nAlternatively, use the Parser like a node Stream. `write()` will emit\nerror events.\n\n## Namespace handling ##\n\nA word about special parsing of *xmlns:* this is not neccessary in a\nbare SAX parser like this, given that the DOM replacement you are\nusing (if any) is not relevant to the parser.\n',
101 silly resolved     readmeFilename: 'README.markdown',
101 silly resolved     _id: 'node-expat@2.1.4',
101 silly resolved     _from: 'node-expat@2.1.4' } ]
102 info install node-expat@2.1.4 into /Users/Conor/WebStormProjects/insight/node_modules/xml2json
103 info installOne node-expat@2.1.4
104 info /Users/Conor/WebStormProjects/insight/node_modules/xml2json/node_modules/node-expat unbuild
105 verbose tar unpack /Users/Conor/.npm/node-expat/2.1.4/package.tgz
106 silly lockFile e133fab8-xml2json-node-modules-node-expat tar:///Users/Conor/WebStormProjects/insight/node_modules/xml2json/node_modules/node-expat
107 verbose lock tar:///Users/Conor/WebStormProjects/insight/node_modules/xml2json/node_modules/node-expat /Users/Conor/.npm/e133fab8-xml2json-node-modules-node-expat.lock
108 silly lockFile 91c27f22-npm-node-expat-2-1-4-package-tgz tar:///Users/Conor/.npm/node-expat/2.1.4/package.tgz
109 verbose lock tar:///Users/Conor/.npm/node-expat/2.1.4/package.tgz /Users/Conor/.npm/91c27f22-npm-node-expat-2-1-4-package-tgz.lock
110 silly gunzTarPerm modes [ '755', '644' ]
111 silly gunzTarPerm extractEntry package.json
112 silly gunzTarPerm extractEntry .npmignore
113 silly gunzTarPerm extractEntry LICENSE
114 silly gunzTarPerm extractEntry bench.js
115 silly gunzTarPerm extractEntry test.js
116 silly gunzTarPerm extractEntry binding.gyp
117 silly gunzTarPerm extractEntry .travis.yml
118 silly gunzTarPerm extractEntry lib/node-expat.js
119 silly gunzTarPerm extractEntry node-expat.cc
120 silly gunzTarPerm extractEntry README.markdown
121 silly gunzTarPerm extractEntry test-mystic-library.xml
122 silly gunzTarPerm extractEntry deps/libexpat/README
123 silly gunzTarPerm extractEntry deps/libexpat/doc/expat.png
124 silly gunzTarPerm extractEntry deps/libexpat/doc/reference.html
125 silly gunzTarPerm extractEntry deps/libexpat/doc/style.css
126 silly gunzTarPerm extractEntry deps/libexpat/doc/valid-xhtml10.png
127 silly gunzTarPerm extractEntry deps/libexpat/doc/xmlwf.1
128 silly gunzTarPerm extractEntry deps/libexpat/doc/xmlwf.sgml
129 silly gunzTarPerm extractEntry deps/libexpat/COPYING
130 silly gunzTarPerm extractEntry deps/libexpat/Changes
131 silly gunzTarPerm extractEntry deps/libexpat/ConfigureChecks.cmake
132 silly gunzTarPerm extractEntry deps/libexpat/MANIFEST
133 silly gunzTarPerm extractEntry deps/libexpat/Makefile.in
134 silly gunzTarPerm extractEntry deps/libexpat/CMake.README
135 silly gunzTarPerm extractEntry deps/libexpat/aclocal.m4
136 silly gunzTarPerm extractEntry deps/libexpat/amiga/expat_68k_handler_stubs.c
137 silly gunzTarPerm extractEntry deps/libexpat/amiga/Makefile
138 silly gunzTarPerm extractEntry deps/libexpat/amiga/expat.xml
139 silly gunzTarPerm extractEntry deps/libexpat/amiga/expat_68k.c
140 silly gunzTarPerm extractEntry deps/libexpat/amiga/expat_68k.h
141 silly gunzTarPerm extractEntry deps/libexpat/amiga/README.txt
142 silly gunzTarPerm extractEntry deps/libexpat/amiga/expat_base.h
143 silly gunzTarPerm extractEntry deps/libexpat/amiga/expat_lib.c
144 silly gunzTarPerm extractEntry deps/libexpat/amiga/expat_vectors.c
145 silly gunzTarPerm extractEntry deps/libexpat/amiga/include/inline4/expat.h
146 silly gunzTarPerm extractEntry deps/libexpat/amiga/include/interfaces/expat.h
147 silly gunzTarPerm extractEntry deps/libexpat/amiga/include/libraries/expat.h
148 silly gunzTarPerm extractEntry deps/libexpat/amiga/include/proto/expat.h
149 silly gunzTarPerm extractEntry deps/libexpat/amiga/launch.c
150 silly gunzTarPerm extractEntry deps/libexpat/bcb5/expatw.mak
151 silly gunzTarPerm extractEntry deps/libexpat/bcb5/README.txt
152 silly gunzTarPerm extractEntry deps/libexpat/bcb5/elements.bpf
153 silly gunzTarPerm extractEntry deps/libexpat/bcb5/elements.bpr
154 silly gunzTarPerm extractEntry deps/libexpat/bcb5/elements.mak
155 silly gunzTarPerm extractEntry deps/libexpat/bcb5/expat.bpf
156 silly gunzTarPerm extractEntry deps/libexpat/bcb5/expat.bpr
157 silly gunzTarPerm extractEntry deps/libexpat/bcb5/expat.mak
158 silly gunzTarPerm extractEntry deps/libexpat/bcb5/expat_static.bpf
159 silly gunzTarPerm extractEntry deps/libexpat/bcb5/expat_static.bpr
160 silly gunzTarPerm extractEntry deps/libexpat/bcb5/expat_static.mak
161 silly gunzTarPerm extractEntry deps/libexpat/bcb5/expatw.bpf
162 silly gunzTarPerm extractEntry deps/libexpat/bcb5/expatw.bpr
163 silly gunzTarPerm extractEntry deps/libexpat/bcb5/all_projects.bpg
164 silly gunzTarPerm extractEntry deps/libexpat/bcb5/expatw_static.bpf
165 silly gunzTarPerm extractEntry deps/libexpat/bcb5/expatw_static.bpr
166 silly gunzTarPerm extractEntry deps/libexpat/bcb5/expatw_static.mak
167 silly gunzTarPerm extractEntry deps/libexpat/bcb5/libexpat_mtd.def
168 silly gunzTarPerm extractEntry deps/libexpat/bcb5/libexpatw_mtd.def
169 silly gunzTarPerm extractEntry deps/libexpat/bcb5/makefile.mak
170 silly gunzTarPerm extractEntry deps/libexpat/bcb5/outline.bpf
171 silly gunzTarPerm extractEntry deps/libexpat/bcb5/outline.bpr
172 silly gunzTarPerm extractEntry deps/libexpat/bcb5/outline.mak
173 silly gunzTarPerm extractEntry deps/libexpat/bcb5/setup.bat
174 silly gunzTarPerm extractEntry deps/libexpat/bcb5/xmlwf.bpf
175 silly gunzTarPerm extractEntry deps/libexpat/bcb5/xmlwf.bpr
176 silly gunzTarPerm extractEntry deps/libexpat/bcb5/xmlwf.mak
177 silly gunzTarPerm extractEntry deps/libexpat/configure
178 silly gunzTarPerm extractEntry deps/libexpat/configure.in
179 silly gunzTarPerm extractEntry deps/libexpat/conftools/PrintPath
180 silly gunzTarPerm extractEntry deps/libexpat/conftools/ac_c_bigendian_cross.m4
181 silly gunzTarPerm extractEntry deps/libexpat/conftools/config.guess
182 silly gunzTarPerm extractEntry deps/libexpat/conftools/config.sub
183 silly gunzTarPerm extractEntry deps/libexpat/conftools/expat.m4
184 silly gunzTarPerm extractEntry deps/libexpat/conftools/get-version.sh
185 silly gunzTarPerm extractEntry deps/libexpat/conftools/install-sh
186 silly gunzTarPerm extractEntry deps/libexpat/conftools/ltmain.sh
187 silly gunzTarPerm extractEntry deps/libexpat/conftools/mkinstalldirs
188 silly gunzTarPerm extractEntry deps/libexpat/CMakeLists.txt
189 silly gunzTarPerm extractEntry deps/libexpat/examples/elements.c
190 silly gunzTarPerm extractEntry deps/libexpat/examples/elements.dsp
191 silly gunzTarPerm extractEntry deps/libexpat/examples/outline.c
192 silly gunzTarPerm extractEntry deps/libexpat/examples/outline.dsp
193 silly gunzTarPerm extractEntry deps/libexpat/expat.dsw
194 silly gunzTarPerm extractEntry deps/libexpat/expat.pc.in
195 silly gunzTarPerm extractEntry deps/libexpat/expat_config.h
196 silly gunzTarPerm extractEntry deps/libexpat/expat_config.h.cmake
197 silly gunzTarPerm extractEntry deps/libexpat/expat_config.h.in
198 silly gunzTarPerm extractEntry deps/libexpat/lib/libexpat.def
199 silly gunzTarPerm extractEntry deps/libexpat/lib/Makefile.MPW
200 silly gunzTarPerm extractEntry deps/libexpat/lib/ascii.h
201 silly gunzTarPerm extractEntry deps/libexpat/lib/asciitab.h
202 silly gunzTarPerm extractEntry deps/libexpat/lib/expat.dsp
203 silly gunzTarPerm extractEntry deps/libexpat/lib/expat.h
204 silly gunzTarPerm extractEntry deps/libexpat/lib/expat_external.h
205 silly gunzTarPerm extractEntry deps/libexpat/lib/expat_static.dsp
206 silly gunzTarPerm extractEntry deps/libexpat/lib/expatw.dsp
207 silly gunzTarPerm extractEntry deps/libexpat/lib/expatw_static.dsp
208 silly gunzTarPerm extractEntry deps/libexpat/lib/iasciitab.h
209 silly gunzTarPerm extractEntry deps/libexpat/lib/internal.h
210 silly gunzTarPerm extractEntry deps/libexpat/lib/latin1tab.h
211 silly gunzTarPerm extractEntry deps/libexpat/lib/amigaconfig.h
212 silly gunzTarPerm extractEntry deps/libexpat/lib/libexpatw.def
213 silly gunzTarPerm extractEntry deps/libexpat/lib/macconfig.h
214 silly gunzTarPerm extractEntry deps/libexpat/lib/nametab.h
215 silly gunzTarPerm extractEntry deps/libexpat/lib/utf8tab.h
216 silly gunzTarPerm extractEntry deps/libexpat/lib/winconfig.h
217 silly gunzTarPerm extractEntry deps/libexpat/lib/xmlparse.c
218 silly gunzTarPerm extractEntry deps/libexpat/lib/xmlrole.c
219 silly gunzTarPerm extractEntry deps/libexpat/lib/xmlrole.h
220 silly gunzTarPerm extractEntry deps/libexpat/lib/xmltok.c
221 silly gunzTarPerm extractEntry deps/libexpat/lib/xmltok.h
222 silly gunzTarPerm extractEntry deps/libexpat/lib/xmltok_impl.c
223 silly gunzTarPerm extractEntry deps/libexpat/lib/xmltok_impl.h
224 silly gunzTarPerm extractEntry deps/libexpat/lib/xmltok_ns.c
225 silly gunzTarPerm extractEntry deps/libexpat/libexpat.gyp
226 silly gunzTarPerm extractEntry deps/libexpat/m4/libtool.m4
227 silly gunzTarPerm extractEntry deps/libexpat/m4/ltoptions.m4
228 silly gunzTarPerm extractEntry deps/libexpat/m4/ltsugar.m4
229 silly gunzTarPerm extractEntry deps/libexpat/m4/ltversion.m4
230 silly gunzTarPerm extractEntry deps/libexpat/m4/lt~obsolete.m4
231 silly gunzTarPerm extractEntry deps/libexpat/tests/README.txt
232 silly gunzTarPerm extractEntry deps/libexpat/tests/benchmark/README.txt
233 silly gunzTarPerm extractEntry deps/libexpat/tests/benchmark/benchmark.c
234 silly gunzTarPerm extractEntry deps/libexpat/tests/benchmark/benchmark.dsp
235 silly gunzTarPerm extractEntry deps/libexpat/tests/benchmark/benchmark.dsw
236 silly gunzTarPerm extractEntry deps/libexpat/tests/chardata.c
237 silly gunzTarPerm extractEntry deps/libexpat/tests/chardata.h
238 silly gunzTarPerm extractEntry deps/libexpat/tests/minicheck.c
239 silly gunzTarPerm extractEntry deps/libexpat/tests/minicheck.h
240 silly gunzTarPerm extractEntry deps/libexpat/tests/runtests.c
241 silly gunzTarPerm extractEntry deps/libexpat/tests/runtestspp.cpp
242 silly gunzTarPerm extractEntry deps/libexpat/tests/xmltest.sh
243 silly gunzTarPerm extractEntry deps/libexpat/version.c
244 silly gunzTarPerm extractEntry deps/libexpat/vms/README.vms
245 silly gunzTarPerm extractEntry deps/libexpat/vms/descrip.mms
246 silly gunzTarPerm extractEntry deps/libexpat/vms/expat_config.h
247 silly gunzTarPerm extractEntry deps/libexpat/win32/MANIFEST.txt
248 silly gunzTarPerm extractEntry deps/libexpat/win32/README.txt
249 silly gunzTarPerm extractEntry deps/libexpat/win32/expat.iss
250 silly gunzTarPerm extractEntry deps/libexpat/xmlwf/xmlfile.h
251 silly gunzTarPerm extractEntry deps/libexpat/xmlwf/codepage.c
252 silly gunzTarPerm extractEntry deps/libexpat/xmlwf/ct.c
253 silly gunzTarPerm extractEntry deps/libexpat/xmlwf/filemap.h
254 silly gunzTarPerm extractEntry deps/libexpat/xmlwf/readfilemap.c
255 silly gunzTarPerm extractEntry deps/libexpat/xmlwf/unixfilemap.c
256 silly gunzTarPerm extractEntry deps/libexpat/xmlwf/win32filemap.c
257 silly gunzTarPerm extractEntry deps/libexpat/xmlwf/xmlfile.c
258 silly gunzTarPerm extractEntry deps/libexpat/xmlwf/codepage.h
259 silly gunzTarPerm extractEntry deps/libexpat/xmlwf/xmlmime.c
260 silly gunzTarPerm extractEntry deps/libexpat/xmlwf/xmlmime.h
261 silly gunzTarPerm extractEntry deps/libexpat/xmlwf/xmltchar.h
262 silly gunzTarPerm extractEntry deps/libexpat/xmlwf/xmlurl.h
263 silly gunzTarPerm extractEntry deps/libexpat/xmlwf/xmlwf.c
264 silly gunzTarPerm extractEntry deps/libexpat/xmlwf/xmlwf.dsp
265 silly gunzTarPerm extractEntry deps/libexpat/xmlwf/xmlwin32url.cxx
266 silly lockFile e133fab8-xml2json-node-modules-node-expat tar:///Users/Conor/WebStormProjects/insight/node_modules/xml2json/node_modules/node-expat
267 silly lockFile e133fab8-xml2json-node-modules-node-expat tar:///Users/Conor/WebStormProjects/insight/node_modules/xml2json/node_modules/node-expat
268 silly lockFile 91c27f22-npm-node-expat-2-1-4-package-tgz tar:///Users/Conor/.npm/node-expat/2.1.4/package.tgz
269 silly lockFile 91c27f22-npm-node-expat-2-1-4-package-tgz tar:///Users/Conor/.npm/node-expat/2.1.4/package.tgz
270 info preinstall node-expat@2.1.4
271 verbose readDependencies using package.json deps
272 verbose readDependencies using package.json deps
273 verbose cache add [ 'nan@~0.6.0', null ]
274 verbose cache add name=undefined spec="nan@~0.6.0" args=["nan@~0.6.0",null]
275 verbose parsed url { protocol: null,
275 verbose parsed url   slashes: null,
275 verbose parsed url   auth: null,
275 verbose parsed url   host: null,
275 verbose parsed url   port: null,
275 verbose parsed url   hostname: null,
275 verbose parsed url   hash: null,
275 verbose parsed url   search: null,
275 verbose parsed url   query: null,
275 verbose parsed url   pathname: 'nan@~0.6.0',
275 verbose parsed url   path: 'nan@~0.6.0',
275 verbose parsed url   href: 'nan@~0.6.0' }
276 verbose cache add name="nan" spec="~0.6.0" args=["nan","~0.6.0"]
277 verbose parsed url { protocol: null,
277 verbose parsed url   slashes: null,
277 verbose parsed url   auth: null,
277 verbose parsed url   host: null,
277 verbose parsed url   port: null,
277 verbose parsed url   hostname: null,
277 verbose parsed url   hash: null,
277 verbose parsed url   search: null,
277 verbose parsed url   query: null,
277 verbose parsed url   pathname: '~0.6.0',
277 verbose parsed url   path: '~0.6.0',
277 verbose parsed url   href: '~0.6.0' }
278 verbose addNamed [ 'nan', '~0.6.0' ]
279 verbose addNamed [ null, '>=0.6.0-0 <0.7.0-0' ]
280 silly lockFile bb2a8d25-nan-0-6-0 nan@~0.6.0
281 verbose lock nan@~0.6.0 /Users/Conor/.npm/bb2a8d25-nan-0-6-0.lock
282 silly addNameRange { name: 'nan', range: '>=0.6.0-0 <0.7.0-0', hasData: false }
283 verbose url raw nan
284 verbose url resolving [ 'https://registry.npmjs.org/', './nan' ]
285 verbose url resolved https://registry.npmjs.org/nan
286 info trying registry request attempt 1 at 21:23:25
287 verbose etag "37ANZBW39BZR8XGNNF9P4ZLJI"
288 http GET https://registry.npmjs.org/nan
289 http 304 https://registry.npmjs.org/nan
290 silly registry.get cb [ 304,
290 silly registry.get   { date: 'Sat, 08 Mar 2014 21:23:25 GMT',
290 silly registry.get     server: 'Apache',
290 silly registry.get     via: '1.1 varnish',
290 silly registry.get     'last-modified': 'Sat, 08 Mar 2014 21:23:25 GMT',
290 silly registry.get     'cache-control': 'max-age=1',
290 silly registry.get     etag: '"37ANZBW39BZR8XGNNF9P4ZLJI"',
290 silly registry.get     'x-served-by': 'cache-lo80-LHR',
290 silly registry.get     'x-cache': 'HIT',
290 silly registry.get     'x-cache-hits': '1',
290 silly registry.get     'x-timer': 'S1394313805.472262383,VS0,VE80',
290 silly registry.get     vary: 'Accept',
290 silly registry.get     'content-length': '0',
290 silly registry.get     'keep-alive': 'timeout=10, max=50',
290 silly registry.get     connection: 'Keep-Alive' } ]
291 verbose etag nan from cache
292 silly addNameRange number 2 { name: 'nan', range: '>=0.6.0-0 <0.7.0-0', hasData: true }
293 silly addNameRange versions [ 'nan',
293 silly addNameRange   [ '0.3.0-wip',
293 silly addNameRange     '0.3.0-wip2',
293 silly addNameRange     '0.3.0',
293 silly addNameRange     '0.3.1',
293 silly addNameRange     '0.3.2',
293 silly addNameRange     '0.4.0',
293 silly addNameRange     '0.4.1',
293 silly addNameRange     '0.4.2',
293 silly addNameRange     '0.4.3',
293 silly addNameRange     '0.4.4',
293 silly addNameRange     '0.5.0',
293 silly addNameRange     '0.5.1',
293 silly addNameRange     '0.5.2',
293 silly addNameRange     '0.6.0',
293 silly addNameRange     '0.7.0',
293 silly addNameRange     '0.7.1',
293 silly addNameRange     '0.8.0' ] ]
294 verbose addNamed [ 'nan', '0.6.0' ]
295 verbose addNamed [ '0.6.0', '0.6.0' ]
296 silly lockFile fb2e119c-nan-0-6-0 nan@0.6.0
297 verbose lock nan@0.6.0 /Users/Conor/.npm/fb2e119c-nan-0-6-0.lock
298 silly lockFile fb2e119c-nan-0-6-0 nan@0.6.0
299 silly lockFile fb2e119c-nan-0-6-0 nan@0.6.0
300 silly lockFile bb2a8d25-nan-0-6-0 nan@~0.6.0
301 silly lockFile bb2a8d25-nan-0-6-0 nan@~0.6.0
302 silly resolved [ { name: 'nan',
302 silly resolved     version: '0.6.0',
302 silly resolved     description: 'Native Abstractions for Node.js: C++ header for Node 0.8->0.12 compatibility',
302 silly resolved     main: 'include_dirs.js',
302 silly resolved     repository: { type: 'git', url: 'git://github.com/rvagg/nan.git' },
302 silly resolved     contributors: [ [Object], [Object], [Object], [Object] ],
302 silly resolved     license: 'MIT',
302 silly resolved     readme: 'Native Abstractions for Node.js\n===============================\n\n**A header file filled with macro and utility goodness for making add-on development for Node.js easier across versions 0.8, 0.10 and 0.11, and eventually 0.12.**\n\n***Current version: 0.6.0*** *(See [nan.h](https://github.com/rvagg/nan/blob/master/nan.h) for complete ChangeLog)*\n\n[![NPM](https://nodei.co/npm/nan.png?downloads=true)](https://nodei.co/npm/nan/) [![NPM](https://nodei.co/npm-dl/nan.png?months=6)](https://nodei.co/npm/nan/)\n\nThanks to the crazy changes in V8 (and some in Node core), keeping native addons compiling happily across versions, particularly 0.10 to 0.11/0.12, is a minor nightmare. The goal of this project is to store all logic necessary to develop native Node.js addons without having to inspect `NODE_MODULE_VERSION` and get yourself into a macro-tangle.\n\nThis project also contains some helper utilities that make addon development a bit more pleasant.\n\n * **[News & Updates](#news)**\n * **[Usage](#usage)**\n * **[Example](#example)**\n * **[API](#api)**\n\n<a name="news"></a>\n## News & Updates\n\n### Nov-2013: Node 0.11.9+ breaking V8 change\n\nThe version of V8 that\'s shipping with Node 0.11.9+ has changed the signature for new `Local`s to: `v8::Local<T>::New(isolate, value)`, i.e. introducing the `isolate` argument and therefore breaking all new `Local` declarations for previous versions. NAN 0.6+ now includes a `NanNewLocal<T>(value)` that can be used in place to work around this incompatibility and maintain compatibility with 0.8->0.11.9+ (minus a few early 0.11 releases).\n\nFor example, if you wanted to return a `null` on a callback you will have to change the argument from `v8::Local<v8::Value>::New(v8::Null())` to `NanNewLocal<v8::Value>(v8::Null())`.\n\n### Nov-2013: Change to binding.gyp `"include_dirs"` for NAN\n\nInclusion of NAN in a project\'s binding.gyp is now greatly simplified. You can now just use `"<!(node -e \\"require(\'nan\')\\")"` in your `"include_dirs"`, see example below.\n\n<a name="usage"></a>\n## Usage\n\nSimply add **NAN** as a dependency in the *package.json* of your Node addon:\n\n``` bash\n$ npm install --save nan\n```\n\nPull in the path to **NAN** in your *binding.gyp* so that you can use `#include "nan.h"` in your *.cpp* files:\n\n``` python\n"include_dirs" : [\n    "<!(node -e \\"require(\'nan\')\\")"\n]\n```\n\nThis works like a `-I<path-to-NAN>` when compiling your addon.\n\n<a name="example"></a>\n## Example\n\nSee **[LevelDOWN](https://github.com/rvagg/node-leveldown/pull/48)** for a full example of **NAN** in use.\n\nFor a simpler example, see the **[async pi estimation example](https://github.com/rvagg/nan/tree/master/examples/async_pi_estimate)** in the examples directory for full code and an explanation of what this Monte Carlo Pi estimation example does. Below are just some parts of the full example that illustrate the use of **NAN**.\n\nCompare to the current 0.10 version of this example, found in the [node-addon-examples](https://github.com/rvagg/node-addon-examples/tree/master/9_async_work) repository and also a 0.11 version of the same found [here](https://github.com/kkoopa/node-addon-examples/tree/5c01f58fc993377a567812597e54a83af69686d7/9_async_work).\n\nNote that there is no embedded version sniffing going on here and also the async work is made much simpler, see below for details on the `NanAsyncWorker` class.\n\n```c++\n// addon.cc\n#include <node.h>\n#include "nan.h"\n// ...\n\nusing namespace v8;\n\nvoid InitAll(Handle<Object> exports) {\n  exports->Set(NanSymbol("calculateSync"),\n    FunctionTemplate::New(CalculateSync)->GetFunction());\n\n  exports->Set(NanSymbol("calculateAsync"),\n    FunctionTemplate::New(CalculateAsync)->GetFunction());\n}\n\nNODE_MODULE(addon, InitAll)\n```\n\n```c++\n// sync.h\n#include <node.h>\n#include "nan.h"\n\nNAN_METHOD(CalculateSync);\n```\n\n```c++\n// sync.cc\n#include <node.h>\n#include "nan.h"\n#include "sync.h"\n// ...\n\nusing namespace v8;\n\n// Simple synchronous access to the `Estimate()` function\nNAN_METHOD(CalculateSync) {\n  NanScope();\n\n  // expect a number as the first argument\n  int points = args[0]->Uint32Value();\n  double est = Estimate(points);\n\n  NanReturnValue(Number::New(est));\n}\n```\n\n```c++\n// async.cc\n#include <node.h>\n#include "nan.h"\n#include "async.h"\n\n// ...\n\nusing namespace v8;\n\nclass PiWorker : public NanAsyncWorker {\n public:\n  PiWorker(NanCallback *callback, int points)\n    : NanAsyncWorker(callback), points(points) {}\n  ~PiWorker() {}\n\n  // Executed inside the worker-thread.\n  // It is not safe to access V8, or V8 data structures\n  // here, so everything we need for input and output\n  // should go on `this`.\n  void Execute () {\n    estimate = Estimate(points);\n  }\n\n  // Executed when the async work is complete\n  // this function will be run inside the main event loop\n  // so it is safe to use V8 again\n  void HandleOKCallback () {\n    NanScope();\n\n    Local<Value> argv[] = {\n        Local<Value>::New(Null())\n      , Number::New(estimate)\n    };\n\n    callback->Call(2, argv);\n  };\n\n private:\n  int points;\n  double estimate;\n};\n\n// Asynchronous access to the `Estimate()` function\nNAN_METHOD(CalculateAsync) {\n  NanScope();\n\n  int points = args[0]->Uint32Value();\n  NanCallback *callback = new NanCallback(args[1].As<Function>());\n\n  NanAsyncQueueWorker(new PiWorker(callback, points));\n  NanReturnUndefined();\n}\n```\n\n<a name="api"></a>\n## API\n\n * <a href="#api_nan_method"><b><code>NAN_METHOD</code></b></a>\n * <a href="#api_nan_getter"><b><code>NAN_GETTER</code></b></a>\n * <a href="#api_nan_setter"><b><code>NAN_SETTER</code></b></a>\n * <a href="#api_nan_property_getter"><b><code>NAN_PROPERTY_GETTER</code></b></a>\n * <a href="#api_nan_property_setter"><b><code>NAN_PROPERTY_SETTER</code></b></a>\n * <a href="#api_nan_property_enumerator"><b><code>NAN_PROPERTY_ENUMERATOR</code></b></a>\n * <a href="#api_nan_property_deleter"><b><code>NAN_PROPERTY_DELETER</code></b></a>\n * <a href="#api_nan_property_query"><b><code>NAN_PROPERTY_QUERY</code></b></a>\n * <a href="#api_nan_index_getter"><b><code>NAN_INDEX_GETTER</code></b></a>\n * <a href="#api_nan_index_setter"><b><code>NAN_INDEX_SETTER</code></b></a>\n * <a href="#api_nan_index_enumerator"><b><code>NAN_INDEX_ENUMERATOR</code></b></a>\n * <a href="#api_nan_index_deleter"><b><code>NAN_INDEX_DELETER</code></b></a>\n * <a href="#api_nan_index_query"><b><code>NAN_INDEX_QUERY</code></b></a>\n * <a href="#api_nan_weak_callback"><b><code>NAN_WEAK_CALLBACK</code></b></a>\n * <a href="#api_nan_deprecated"><b><code>NAN_DEPRECATED</code></b></a>\n * <a href="#api_nan_inline"><b><code>NAN_INLINE</code></b></a> \n * <a href="#api_nan_new_local"><b><code>NanNewLocal</code></b></a>\n * <a href="#api_nan_return_value"><b><code>NanReturnValue</code></b></a>\n * <a href="#api_nan_return_undefined"><b><code>NanReturnUndefined</code></b></a>\n * <a href="#api_nan_return_null"><b><code>NanReturnNull</code></b></a>\n * <a href="#api_nan_return_empty_string"><b><code>NanReturnEmptyString</code></b></a>\n * <a href="#api_nan_scope"><b><code>NanScope</code></b></a>\n * <a href="#api_nan_locker"><b><code>NanLocker</code></b></a>\n * <a href="#api_nan_unlocker"><b><code>NanUnlocker</code></b></a>\n * <a href="#api_nan_get_internal_field_pointer"><b><code>NanGetInternalFieldPointer</code></b></a>\n * <a href="#api_nan_set_internal_field_pointer"><b><code>NanSetInternalFieldPointer</code></b></a>\n * <a href="#api_nan_object_wrap_handle"><b><code>NanObjectWrapHandle</code></b></a>\n * <a href="#api_nan_make_weak"><b><code>NanMakeWeak</code></b></a>\n * <a href="#api_nan_symbol"><b><code>NanSymbol</code></b></a>\n * <a href="#api_nan_get_pointer_safe"><b><code>NanGetPointerSafe</code></b></a>\n * <a href="#api_nan_set_pointer_safe"><b><code>NanSetPointerSafe</code></b></a>\n * <a href="#api_nan_from_v8_string"><b><code>NanFromV8String</code></b></a>\n * <a href="#api_nan_boolean_option_value"><b><code>NanBooleanOptionValue</code></b></a>\n * <a href="#api_nan_uint32_option_value"><b><code>NanUInt32OptionValue</code></b></a>\n * <a href="#api_nan_error"><b><code>NanError</code></b>, <b><code>NanTypeError</code></b>, <b><code>NanRangeError</code></b></a>\n * <a href="#api_nan_throw_error"><b><code>NanThrowError</code></b>, <b><code>NanThrowTypeError</code></b>, <b><code>NanThrowRangeError</code></b>, <b><code>NanThrowError(Handle<Value>)</code></b>, <b><code>NanThrowError(Handle<Value>, int)</code></b></a>\n * <a href="#api_nan_new_buffer_handle"><b><code>NanNewBufferHandle(char *, size_t, FreeCallback, void *)</code></b>, <b><code>NanNewBufferHandle(char *, uint32_t)</code></b>, <b><code>NanNewBufferHandle(uint32_t)</code></b></a>\n * <a href="#api_nan_buffer_use"><b><code>NanBufferUse(char *, uint32_t)</code></b></a>\n * <a href="#api_nan_new_context_handle"><b><code>NanNewContextHandle</code></b></a>\n * <a href="#api_nan_has_instance"><b><code>NanHasInstance</code></b></a>\n * <a href="#api_nan_persistent_to_local"><b><code>NanPersistentToLocal</code></b></a>\n * <a href="#api_nan_dispose"><b><code>NanDispose</code></b></a>\n * <a href="#api_nan_assign_persistent"><b><code>NanAssignPersistent</code></b></a>\n * <a href="#api_nan_init_persistent"><b><code>NanInitPersistent</code></b></a>\n * <a href="#api_nan_callback"><b><code>NanCallback</code></b></a>\n * <a href="#api_nan_async_worker"><b><code>NanAsyncWorker</code></b></a>\n * <a href="#api_nan_async_queue_worker"><b><code>NanAsyncQueueWorker</code></b></a>\n\n<a name="api_nan_method"></a>\n### NAN_METHOD(methodname)\n\nUse `NAN_METHOD` to define your V8 accessible methods:\n\n```c++\n// .h:\nclass Foo : public node::ObjectWrap {\n  ...\n\n  static NAN_METHOD(Bar);\n  static NAN_METHOD(Baz);\n}\n\n\n// .cc:\nNAN_METHOD(Foo::Bar) {\n  ...\n}\n\nNAN_METHOD(Foo::Baz) {\n  ...\n}\n```\n\nThe reason for this macro is because of the method signature change in 0.11:\n\n```c++\n// 0.10 and below:\nHandle<Value> name(const Arguments& args)\n\n// 0.11 and above\nvoid name(const FunctionCallbackInfo<Value>& args)\n```\n\nThe introduction of `FunctionCallbackInfo` brings additional complications:\n\n<a name="api_nan_getter"></a>\n### NAN_GETTER(methodname)\n\nUse `NAN_GETTER` to declare your V8 accessible getters. You get a `Local<String>` `property` and an appropriately typed `args` object that can act like the `args` argument to a `NAN_METHOD` call.\n\nYou can use `NanReturnNull()`, `NanReturnEmptyString()`, `NanReturnUndefined()` and `NanReturnValue()` in a `NAN_GETTER`.\n\n<a name="api_nan_setter"></a>\n### NAN_SETTER(methodname)\n\nUse `NAN_SETTER` to declare your V8 accessible setters. Same as `NAN_GETTER` but you also get a `Local<Value>` `value` object to work with.\n\nYou can use `NanReturnNull()`, `NanReturnEmptyString()`, `NanReturnUndefined()` and `NanReturnValue()` in a `NAN_SETTER`.\n\n<a name="api_nan_property_getter"></a>\n### NAN_PROPERTY_GETTER(cbname)\nUse `NAN_PROPERTY_GETTER` to declare your V8 accessible property getters. You get a `Local<String>` `property` and an appropriately typed `args` object that can act similar to the `args` argument to a `NAN_METHOD` call.\n\nYou can use `NanReturnNull()`, `NanReturnEmptyString()`, `NanReturnUndefined()` and `NanReturnValue()` in a `NAN_PROPERTY_GETTER`.\n\n<a name="api_nan_property_setter"></a>\n### NAN_PROPERTY_SETTER(cbname)\nUse `NAN_PROPERTY_SETTER` to declare your V8 accessible property setters. Same as `NAN_PROPERTY_GETTER` but you also get a `Local<Value>` `value` object to work with.\n\nYou can use `NanReturnNull()`, `NanReturnEmptyString()`, `NanReturnUndefined()` and `NanReturnValue()` in a `NAN_PROPERTY_SETTER`.\n\n<a name="api_nan_property_enumerator"></a>\n### NAN_PROPERTY_ENUMERATOR(cbname)\nUse `NAN_PROPERTY_ENUMERATOR` to declare your V8 accessible property enumerators. You get an appropriately typed `args` object like the `args` argument to a `NAN_PROPERTY_GETTER` call.\n\nYou can use `NanReturnNull()`, `NanReturnEmptyString()`, `NanReturnUndefined()` and `NanReturnValue()` in a `NAN_PROPERTY_ENUMERATOR`.\n\n<a name="api_nan_property_deleter"></a>\n### NAN_PROPERTY_DELETER(cbname)\nUse `NAN_PROPERTY_DELETER` to declare your V8 accessible property deleters. Same as `NAN_PROPERTY_GETTER`.\n\nYou can use `NanReturnNull()`, `NanReturnEmptyString()`, `NanReturnUndefined()` and `NanReturnValue()` in a `NAN_PROPERTY_DELETER`.\n\n<a name="api_nan_property_query"></a>\n### NAN_PROPERTY_QUERY(cbname)\nUse `NAN_PROPERTY_QUERY` to declare your V8 accessible property queries. Same as `NAN_PROPERTY_GETTER`.\n\nYou can use `NanReturnNull()`, `NanReturnEmptyString()`, `NanReturnUndefined()` and `NanReturnValue()` in a `NAN_PROPERTY_QUERY`.\n\n<a name="api_nan_index_getter"></a>\n### NAN_INDEX_GETTER(cbname)\nUse `NAN_INDEX_GETTER` to declare your V8 accessible index getters. You get a `uint32_t` `index` and an appropriately typed `args` object that can act similar to the `args` argument to a `NAN_METHOD` call.\n\nYou can use `NanReturnNull()`, `NanReturnEmptyString()`, `NanReturnUndefined()` and `NanReturnValue()` in a `NAN_INDEX_GETTER`.\n\n<a name="api_nan_index_setter"></a>\n### NAN_INDEX_SETTER(cbname)\nUse `NAN_INDEX_SETTER` to declare your V8 accessible index setters. Same as `NAN_INDEX_GETTER` but you also get a `Local<Value>` `value` object to work with.\n\nYou can use `NanReturnNull()`, `NanReturnEmptyString()`, `NanReturnUndefined()` and `NanReturnValue()` in a `NAN_INDEX_SETTER`.\n\n<a name="api_nan_index_enumerator"></a>\n### NAN_INDEX_ENUMERATOR(cbname)\nUse `NAN_INDEX_ENUMERATOR` to declare your V8 accessible index enumerators. You get an appropriately typed `args` object like the `args` argument to a `NAN_INDEX_GETTER` call.\n\nYou can use `NanReturnNull()`, `NanReturnEmptyString()`, `NanReturnUndefined()` and `NanReturnValue()` in a `NAN_INDEX_ENUMERATOR`.\n\n<a name="api_nan_index_deleter"></a>\n### NAN_INDEX_DELETER(cbname)\nUse `NAN_INDEX_DELETER` to declare your V8 accessible index deleters. Same as `NAN_INDEX_GETTER`.\n\nYou can use `NanReturnNull()`, `NanReturnEmptyString()`, `NanReturnUndefined()` and `NanReturnValue()` in a `NAN_INDEX_DELETER`.\n\n<a name="api_nan_index_query"></a>\n### NAN_INDEX_QUERY(cbname)\nUse `NAN_INDEX_QUERY` to declare your V8 accessible index queries. Same as `NAN_INDEX_GETTER`.\n\nYou can use `NanReturnNull()`, `NanReturnEmptyString()`, `NanReturnUndefined()` and `NanReturnValue()` in a `NAN_INDEX_QUERY`.\n\n<a name="api_nan_weak_callback"></a>\n### NAN_WEAK_CALLBACK(type, cbname)\n\nUse `NAN_WEAK_CALLBACK` to declare your V8 WeakReference callbacks. There is an object argument accessible through `NAN_WEAK_CALLBACK_OBJECT`. The `type` argument gives the type of the `data` argument, accessible through `NAN_WEAK_CALLBACK_DATA(type)`.\n\n```c++\nstatic NAN_WEAK_CALLBACK(BufferReference*, WeakCheck) {\n  if (NAN_WEAK_CALLBACK_DATA(BufferReference*)->noLongerNeeded_) {\n    delete NAN_WEAK_CALLBACK_DATA(BufferReference*);\n  } else {\n    // Still in use, revive, prevent GC\n    NanMakeWeak(NAN_WEAK_CALLBACK_OBJECT, NAN_WEAK_CALLBACK_DATA(BufferReference*), &WeakCheck);\n  }\n}\n```\n\n<a name="api_nan_deprecated"></a>\n### NAN_DEPRECATED(declarator)\nDeclares a function as deprecated. Identical to `V8_DEPRECATED`.\n\n```c++\nstatic NAN_DEPRECATED(NAN_METHOD(foo)) {\n  ...\n}\n```\n\n<a name="api_nan_inline"></a>\n### NAN_INLINE(declarator)\nInlines a function. Identical to `V8_INLINE`.\n\n```c++\nstatic NAN_INLINE(int foo(int bar)) {\n  ...\n}\n```\n\n<a name="api_nan_new_local"></a>\n### NanNewLocal&lt;T&gt;(Handle&lt;Value&gt;)\n\nUse `NanNewLocal` in place of `v8::Local<T>::New(...)` as this function\nrequires an `isolate` argument in recent versions of V8 but not in older versions.\n\n```c++\nNanNewLocal<v8::Value>(v8::Null())\n```\n\n<a name="api_nan_return_value"></a>\n### NanReturnValue(Handle&lt;Value&gt;)\n\nUse `NanReturnValue` when you want to return a value from your V8 accessible method:\n\n```c++\nNAN_METHOD(Foo::Bar) {\n  ...\n\n  NanReturnValue(String::New("FooBar!"));\n}\n```\n\nNo `return` statement required.\n\n<a name="api_nan_return_undefined"></a>\n### NanReturnUndefined()\n\nUse `NanReturnUndefined` when you don\'t want to return anything from your V8 accessible method:\n\n```c++\nNAN_METHOD(Foo::Baz) {\n  ...\n\n  NanReturnUndefined();\n}\n```\n\n<a name="api_nan_return_null"></a>\n### NanReturnNull()\n\nUse `NanReturnNull` when you want to return `Null` from your V8 accessible method:\n\n```c++\nNAN_METHOD(Foo::Baz) {\n  ...\n\n  NanReturnNull();\n}\n```\n\n<a name="api_nan_return_empty_string"></a>\n### NanReturnEmptyString()\n\nUse `NanReturnEmptyString` when you want to return an empty `String` from your V8 accessible method:\n\n```c++\nNAN_METHOD(Foo::Baz) {\n  ...\n\n  NanReturnEmptyString();\n}\n```\n\n<a name="api_nan_scope"></a>\n### NanScope()\n\nThe introduction of `isolate` references for many V8 calls in Node 0.11 makes `NanScope()` necessary, use it in place of `HandleScope scope`:\n\n```c++\nNAN_METHOD(Foo::Bar) {\n  NanScope();\n\n  NanReturnValue(String::New("FooBar!"));\n}\n```\n\n<a name="api_nan_locker"></a>\n### NanLocker()\n\nThe introduction of `isolate` references for many V8 calls in Node 0.11 makes `NanLocker()` necessary, use it in place of `Locker locker`:\n\n```c++\nNAN_METHOD(Foo::Bar) {\n  NanLocker();\n  ...\n  NanUnlocker();\n}\n```\n\n<a name="api_nan_unlocker"></a>\n### NanUnlocker()\n\nThe introduction of `isolate` references for many V8 calls in Node 0.11 makes `NanUnlocker()` necessary, use it in place of `Unlocker unlocker`:\n\n```c++\nNAN_METHOD(Foo::Bar) {\n  NanLocker();\n  ...\n  NanUnlocker();\n}\n```\n\n<a name="api_nan_get_internal_field_pointer"></a>\n### void * NanGetInternalFieldPointer(Handle&lt;Object&gt;, int)\n\nGets a pointer to the internal field with at `index` from a V8 `Object` handle.\n\n```c++\nLocal<Object> obj;\n...\nNanGetInternalFieldPointer(obj, 0);\n```\n<a name="api_nan_set_internal_field_pointer"></a>\n### void NanSetInternalFieldPointer(Handle&lt;Object&gt;, int, void *)\n\nSets the value of the internal field at `index` on a V8 `Object` handle.\n\n```c++\nstatic Persistent<Function> dataWrapperCtor;\n...\nLocal<Object> wrapper = NanPersistentToLocal(dataWrapperCtor)->NewInstance();\nNanSetInternalFieldPointer(wrapper, 0, this);\n```\n\n<a name="api_nan_object_wrap_handle"></a>\n### Local&lt;Object&gt; NanObjectWrapHandle(Object)\n\nWhen you want to fetch the V8 object handle from a native object you\'ve wrapped with Node\'s `ObjectWrap`, you should use `NanObjectWrapHandle`:\n\n```c++\nNanObjectWrapHandle(iterator)->Get(String::NewSymbol("end"))\n```\n\n<a name="api_nan_make_weak"></a>\n### NanMakeWeak(Persistent&lt;T&gt;, parameter, callback)\n\nMake a persistent reference weak.\n\n<a name="api_nan_symbol"></a>\n### String NanSymbol(char *)\n\nThis isn\'t strictly about compatibility, it\'s just an easier way to create string symbol objects (i.e. `String::NewSymbol(x)`), for getting and setting object properties, or names of objects.\n\n```c++\nbool foo = false;\nif (obj->Has(NanSymbol("foo")))\n  foo = optionsObj->Get(NanSymbol("foo"))->BooleanValue()\n```\n\n<a name="api_nan_get_pointer_safe"></a>\n### Type NanGetPointerSafe(Type *[, Type])\n\nA helper for getting values from optional pointers. If the pointer is `NULL`, the function returns the optional default value, which defaults to `0`.  Otherwise, the function returns the value the pointer points to.\n\n```c++\nchar *plugh(uint32_t *optional) {\n  char res[] = "xyzzy";\n  uint32_t param = NanGetPointerSafe<uint32_t>(optional, 0x1337);\n  switch (param) {\n    ...\n  }\n  NanSetPointerSafe<uint32_t>(optional, 0xDEADBEEF);\n}  \n```\n\n<a name="api_nan_set_pointer_safe"></a>\n### bool NanSetPointerSafe(Type *, Type)\n\nA helper for setting optional argument pointers. If the pointer is `NULL`, the function simply return `false`.  Otherwise, the value is assigned to the variable the pointer points to.\n\n```c++\nconst char *plugh(size_t *outputsize) {\n  char res[] = "xyzzy";\n  if !(NanSetPointerSafe<size_t>(outputsize, strlen(res) + 1)) {\n    ...\n  }\n\n  ...\n}\n```\n\n<a name="api_nan_from_v8_string"></a>\n### char* NanFromV8String(Handle&lt;Value&gt;[, enum Nan::Encoding, size_t *, char *, size_t, int])\n\nWhen you want to convert a V8 `String` to a `char*` use `NanFromV8String`. It is possible to define an encoding that defaults to `Nan::UTF8` as well as a pointer to a variable that will be assigned the number of bytes in the returned string. It is also possible to supply a buffer and its length to the function in order not to have a new buffer allocated. The final argument allows optionally setting `String::WriteOptions`, which default to `String::HINT_MANY_WRITES_EXPECTED | String::NO_NULL_TERMINATION`.\nJust remember that you\'ll end up with an object that you\'ll need to `delete[]` at some point unless you supply your own buffer:\n\n```c++\nsize_t count;\nchar* name = NanFromV8String(args[0]);\nchar* decoded = NanFromV8String(args[1], Nan::BASE64, &count, NULL, 0, String::HINT_MANY_WRITES_EXPECTED);\nchar param_copy[count];\nmemcpy(param_copy, decoded, count);\ndelete[] decoded;\n```\n\n<a name="api_nan_boolean_option_value"></a>\n### bool NanBooleanOptionValue(Handle&lt;Value&gt;, Handle&lt;String&gt;[, bool])\n\nWhen you have an "options" object that you need to fetch properties from, boolean options can be fetched with this pair. They check first if the object exists (`IsEmpty`), then if the object has the given property (`Has`) then they get and convert/coerce the property to a `bool`.\n\nThe optional last parameter is the *default* value, which is `false` if left off:\n\n```c++\n// `foo` is false unless the user supplies a truthy value for it\nbool foo = NanBooleanOptionValue(optionsObj, NanSymbol("foo"));\n// `bar` is true unless the user supplies a falsy value for it\nbool bar = NanBooleanOptionValueDefTrue(optionsObj, NanSymbol("bar"), true);\n```\n\n<a name="api_nan_uint32_option_value"></a>\n### uint32_t NanUInt32OptionValue(Handle&lt;Value&gt;, Handle&lt;String&gt;, uint32_t)\n\nSimilar to `NanBooleanOptionValue`, use `NanUInt32OptionValue` to fetch an integer option from your options object. Can be any kind of JavaScript `Number` and it will be coerced to an unsigned 32-bit integer.\n\nRequires all 3 arguments as a default is not optional:\n\n```c++\nuint32_t count = NanUInt32OptionValue(optionsObj, NanSymbol("count"), 1024);\n```\n\n<a name="api_nan_error"></a>\n### NanError(message), NanTypeError(message), NanRangeError(message)\n\nFor making `Error`, `TypeError` and `RangeError` objects.\n\n```c++\nLocal<Value> res = NanError("you must supply a callback argument");\n```\n\n<a name="api_nan_throw_error"></a>\n### NanThrowError(message), NanThrowTypeError(message), NanThrowRangeError(message), NanThrowError(Local&lt;Value&gt;), NanThrowError(Local&lt;Value&gt;, int)\n\nFor throwing `Error`, `TypeError` and `RangeError` objects. You should `return` this call:\n\n```c++\nreturn NanThrowError("you must supply a callback argument");\n```\n\nCan also handle any custom object you may want to throw. If used with the error code argument, it will add the supplied error code to the error object as a property called `code`.\n\n<a name="api_nan_new_buffer_handle"></a>\n### Local&lt;Object&gt; NanNewBufferHandle(char *, uint32_t), Local&lt;Object&gt; NanNewBufferHandle(uint32_t)\n\nThe `Buffer` API has changed a little in Node 0.11, this helper provides consistent access to `Buffer` creation:\n\n```c++\nNanNewBufferHandle((char*)value.data(), value.size());\n```\n\nCan also be used to initialize a `Buffer` with just a `size` argument.\n\nCan also be supplied with a `NAN_WEAK_CALLBACK` and a hint for the garbage collector, when dealing with weak references.\n\n<a name="api_nan_buffer_use"></a>\n### Local&lt;Object&gt; NanBufferUse(char*, uint32_t)\n\n`Buffer::New(char*, uint32_t)` prior to 0.11 would make a copy of the data.\nWhile it was possible to get around this, it required a shim by passing a\ncallback. So the new API `Buffer::Use(char*, uint32_t)` was introduced to remove\nneeding to use this shim.\n\n`NanBufferUse` uses the `char*` passed as the backing data, and will free the\nmemory automatically when the weak callback is called. Keep this in mind, as\ncareless use can lead to "double free or corruption" and other cryptic failures.\n\n<a name="api_nan_has_instance"></a>\n### bool NanHasInstance(Persistent&lt;FunctionTemplate&gt;&, Handle&lt;Value&gt;)\n\nCan be used to check the type of an object to determine it is of a particular class you have already defined and have a `Persistent<FunctionTemplate>` handle for.\n\n<a name="api_nan_persistent_to_local"></a>\n### Local&lt;Type&gt; NanPersistentToLocal(Persistent&lt;Type&gt;&)\n\nAside from `FunctionCallbackInfo`, the biggest and most painful change to V8 in Node 0.11 is the many restrictions now placed on `Persistent` handles. They are difficult to assign and difficult to fetch the original value out of.\n\nUse `NanPersistentToLocal` to convert a `Persistent` handle back to a `Local` handle.\n\n```c++\nLocal<Object> handle = NanPersistentToLocal(persistentHandle);\n```\n\n<a href="#api_nan_new_context_handle">\n### Local&lt;Context&gt; NanNewContextHandle([ExtensionConfiguration*, Handle&lt;ObjectTemplate&gt;, Handle&lt;Value&gt;])\nCreates a new `Local<Context>` handle.\n\n```c++\nLocal<FunctionTemplate> ftmpl = FunctionTemplate::New();\nLocal<ObjectTemplate> otmpl = ftmpl->InstanceTemplate();\nLocal<Context> ctx =  NanNewContextHandle(NULL, otmpl);\n```\n\n<a name="api_nan_dispose"></a>\n### void NanDispose(Persistent&lt;T&gt; &)\n\nUse `NanDispose` to dispose a `Persistent` handle.\n\n```c++\nNanDispose(persistentHandle);\n```\n\n<a name="api_nan_assign_persistent"></a>\n### NanAssignPersistent(type, handle, object)\n\nUse `NanAssignPersistent` to assign a non-`Persistent` handle to a `Persistent` one. You can no longer just declare a `Persistent` handle and assign directly to it later, you have to `Reset` it in Node 0.11, so this makes it easier.\n\nIn general it is now better to place anything you want to protect from V8\'s garbage collector as properties of a generic `Object` and then assign that to a `Persistent`. This works in older versions of Node also if you use `NanAssignPersistent`:\n\n```c++\nPersistent<Object> persistentHandle;\n\n...\n\nLocal<Object> obj = Object::New();\nobj->Set(NanSymbol("key"), keyHandle); // where keyHandle might be a Local<String>\nNanAssignPersistent(Object, persistentHandle, obj)\n```\n\n<a name="api_nan_init_persistent"></a>\n### NanInitPersistent(type, name, object)\n\nUser `NanInitPersistent` to declare and initialize a new `Persistent` with the supplied object. The assignment operator for `Persistent` is no longer public in Node 0.11, so this macro makes it easier to declare and initializing a new `Persistent`. See <a href="#api_nan_assign_persistent"><b><code>NanAssignPersistent</code></b></a> for more information.\n\n```c++\nLocal<Object> obj = Object::New();\nobj->Set(NanSymbol("key"), keyHandle); // where keyHandle might be a Local<String>\nNanInitPersistent(Object, persistentHandle, obj);\n```\n\n<a name="api_nan_callback"></a>\n### NanCallback\n\nBecause of the difficulties imposed by the changes to `Persistent` handles in V8 in Node 0.11, creating `Persistent` versions of your `Local<Function>` handles is annoyingly tricky. `NanCallback` makes it easier by taking your `Local` handle, making it persistent until the `NanCallback` is deleted and even providing a handy `Call()` method to fetch and execute the callback `Function`.\n\n```c++\nLocal<Function> callbackHandle = args[0].As<Function>();\nNanCallback *callback = new NanCallback(callbackHandle);\n// pass `callback` around and it\'s safe from GC until you:\ndelete callback;\n```\n\nYou can execute the callback like so:\n\n```c++\n// no arguments:\ncallback->Call(0, NULL);\n\n// an error argument:\nLocal<Value> argv[] = {\n  Exception::Error(String::New("fail!"))\n};\ncallback->Call(1, argv);\n\n// a success argument:\nLocal<Value> argv[] = {\n  Local<Value>::New(Null()),\n  String::New("w00t!")\n};\ncallback->Call(2, argv);\n```\n\n`NanCallback` also has a `Local<Function> GetCallback()` method that you can use to fetch a local handle to the underlying callback function if you need it.\n\n<a name="api_nan_async_worker"></a>\n### NanAsyncWorker\n\n`NanAsyncWorker` is an abstract class that you can subclass to have much of the annoying async queuing and handling taken care of for you. It can even store arbitrary V8 objects for you and have them persist while the async work is in progress.\n\nSee a rough outline of the implementation:\n\n```c++\nclass NanAsyncWorker {\npublic:\n  NanAsyncWorker (NanCallback *callback);\n\n  // Clean up persistent handles and delete the *callback\n  virtual ~NanAsyncWorker ();\n\n  // Check the `char *errmsg` property and call HandleOKCallback()\n  // or HandleErrorCallback depending on whether it has been set or not\n  virtual void WorkComplete ();\n\n  // You must implement this to do some async work. If there is an\n  // error then allocate `errmsg` to to a message and the callback will\n  // be passed that string in an Error object\n  virtual void Execute ();\n\n  // Save a V8 object in a Persistent handle to protect it from GC\n  void SavePersistent(const char *key, Local<Object> &obj);\n\n  // Fetch a stored V8 object (don\'t call from within `Execute()`)\n  Local<Object> GetFromPersistent(const char *key);\n\nprotected:\n  // Set this if there is an error, otherwise it\'s NULL\n  const char *errmsg;\n\n  // Default implementation calls the callback function with no arguments.\n  // Override this to return meaningful data\n  virtual void HandleOKCallback ();\n\n  // Default implementation calls the callback function with an Error object\n  // wrapping the `errmsg` string\n  virtual void HandleErrorCallback ();\n};\n```\n\n<a name="api_nan_async_queue_worker"></a>\n### NanAsyncQueueWorker(NanAsyncWorker *)\n\n`NanAsyncQueueWorker` will run a `NanAsyncWorker` asynchronously via libuv. Both the *execute* and *after_work* steps are taken care of for you&mdash;most of the logic for this is embedded in `NanAsyncWorker`.\n\n### Contributors\n\nNAN is only possible due to the excellent work of the following contributors:\n\n<table><tbody>\n<tr><th align="left">Rod Vagg</th><td><a href="https://github.com/rvagg">GitHub/rvagg</a></td><td><a href="http://twitter.com/rvagg">Twitter/@rvagg</a></td></tr>\n<tr><th align="left">Benjamin Byholm</th><td><a href="https://github.com/kkoopa/">GitHub/kkoopa</a></td></tr>\n<tr><th align="left">Trevor Norris</th><td><a href="https://github.com/trevnorris">GitHub/trevnorris</a></td><td><a href="http://twitter.com/trevnorris">Twitter/@trevnorris</a></td></tr>\n<tr><th align="left">Nathan Rajlich</th><td><a href="https://github.com/TooTallNate">GitHub/TooTallNate</a></td><td><a href="http://twitter.com/TooTallNate">Twitter/@TooTallNate</a></td></tr>\n</tbody></table>\n\nLicence &amp; copyright\n-----------------------\n\nCopyright (c) 2013 NAN contributors (listed above).\n\nNative Abstractions for Node.js is licensed under an MIT +no-false-attribs license. All rights not explicitly granted in the MIT license are reserved. See the included LICENSE file for more details.\n',
302 silly resolved     readmeFilename: 'README.md',
302 silly resolved     bugs: { url: 'https://github.com/rvagg/nan/issues' },
302 silly resolved     homepage: 'https://github.com/rvagg/nan',
302 silly resolved     _id: 'nan@0.6.0',
302 silly resolved     _from: 'nan@~0.6.0' } ]
303 info install nan@0.6.0 into /Users/Conor/WebStormProjects/insight/node_modules/xml2json/node_modules/node-expat
304 info installOne nan@0.6.0
305 info /Users/Conor/WebStormProjects/insight/node_modules/xml2json/node_modules/node-expat/node_modules/nan unbuild
306 verbose tar unpack /Users/Conor/.npm/nan/0.6.0/package.tgz
307 silly lockFile 8ad95efa-ules-node-expat-node-modules-nan tar:///Users/Conor/WebStormProjects/insight/node_modules/xml2json/node_modules/node-expat/node_modules/nan
308 verbose lock tar:///Users/Conor/WebStormProjects/insight/node_modules/xml2json/node_modules/node-expat/node_modules/nan /Users/Conor/.npm/8ad95efa-ules-node-expat-node-modules-nan.lock
309 silly lockFile eacbc2b1--Conor-npm-nan-0-6-0-package-tgz tar:///Users/Conor/.npm/nan/0.6.0/package.tgz
310 verbose lock tar:///Users/Conor/.npm/nan/0.6.0/package.tgz /Users/Conor/.npm/eacbc2b1--Conor-npm-nan-0-6-0-package-tgz.lock
311 silly gunzTarPerm modes [ '755', '644' ]
312 silly gunzTarPerm extractEntry package.json
313 silly gunzTarPerm extractEntry README.md
314 silly gunzTarPerm extractEntry LICENSE
315 silly gunzTarPerm extractEntry include_dirs.js
316 silly gunzTarPerm extractEntry build/config.gypi
317 silly gunzTarPerm extractEntry nan.h
318 silly lockFile 8ad95efa-ules-node-expat-node-modules-nan tar:///Users/Conor/WebStormProjects/insight/node_modules/xml2json/node_modules/node-expat/node_modules/nan
319 silly lockFile 8ad95efa-ules-node-expat-node-modules-nan tar:///Users/Conor/WebStormProjects/insight/node_modules/xml2json/node_modules/node-expat/node_modules/nan
320 silly lockFile eacbc2b1--Conor-npm-nan-0-6-0-package-tgz tar:///Users/Conor/.npm/nan/0.6.0/package.tgz
321 silly lockFile eacbc2b1--Conor-npm-nan-0-6-0-package-tgz tar:///Users/Conor/.npm/nan/0.6.0/package.tgz
322 info preinstall nan@0.6.0
323 verbose readDependencies using package.json deps
324 verbose readDependencies using package.json deps
325 silly resolved []
326 verbose about to build /Users/Conor/WebStormProjects/insight/node_modules/xml2json/node_modules/node-expat/node_modules/nan
327 info build /Users/Conor/WebStormProjects/insight/node_modules/xml2json/node_modules/node-expat/node_modules/nan
328 verbose linkStuff [ false,
328 verbose linkStuff   false,
328 verbose linkStuff   false,
328 verbose linkStuff   '/Users/Conor/WebStormProjects/insight/node_modules/xml2json/node_modules/node-expat/node_modules' ]
329 info linkStuff nan@0.6.0
330 verbose linkBins nan@0.6.0
331 verbose linkMans nan@0.6.0
332 verbose rebuildBundles nan@0.6.0
333 info install nan@0.6.0
334 info postinstall nan@0.6.0
335 verbose about to build /Users/Conor/WebStormProjects/insight/node_modules/xml2json/node_modules/node-expat
336 info build /Users/Conor/WebStormProjects/insight/node_modules/xml2json/node_modules/node-expat
337 verbose linkStuff [ false,
337 verbose linkStuff   false,
337 verbose linkStuff   false,
337 verbose linkStuff   '/Users/Conor/WebStormProjects/insight/node_modules/xml2json/node_modules' ]
338 info linkStuff node-expat@2.1.4
339 verbose linkBins node-expat@2.1.4
340 verbose linkMans node-expat@2.1.4
341 verbose rebuildBundles node-expat@2.1.4
342 verbose rebuildBundles [ 'nan' ]
343 info install node-expat@2.1.4
344 verbose unsafe-perm in lifecycle true
345 info node-expat@2.1.4 Failed to exec install script
346 info /Users/Conor/WebStormProjects/insight/node_modules/xml2json/node_modules/node-expat unbuild
347 info preuninstall node-expat@2.1.4
348 info uninstall node-expat@2.1.4
349 verbose false,/Users/Conor/WebStormProjects/insight/node_modules,/Users/Conor/WebStormProjects/insight/node_modules/xml2json/node_modules unbuild node-expat@2.1.4
350 info postuninstall node-expat@2.1.4
351 verbose about to build /Users/Conor/WebStormProjects/insight/node_modules/xml2json
352 info /Users/Conor/WebStormProjects/insight/node_modules/xml2json unbuild
353 info preuninstall xml2json@0.4.0
354 info uninstall xml2json@0.4.0
355 verbose true,/Users/Conor/WebStormProjects/insight/node_modules,/Users/Conor/WebStormProjects/insight/node_modules unbuild xml2json@0.4.0
356 verbose /Users/Conor/WebStormProjects/insight/node_modules/.bin,[object Object] binRoot
357 info postuninstall xml2json@0.4.0
358 error node-expat@2.1.4 install: `node-gyp rebuild`
358 error Exit status 1
359 error Failed at the node-expat@2.1.4 install script.
359 error This is most likely a problem with the node-expat package,
359 error not with npm itself.
359 error Tell the author that this fails on your system:
359 error     node-gyp rebuild
359 error You can get their info via:
359 error     npm owner ls node-expat
359 error There is likely additional logging output above.
360 error System Darwin 13.1.0
361 error command "node" "/usr/local/bin/npm" "install" "xml2json"
362 error cwd /Users/Conor/WebStormProjects/insight
363 error node -v v0.10.24
364 error npm -v 1.3.21
365 error code ELIFECYCLE
366 verbose exit [ 1, true ]
